<!DOCTYPE html PUBLIC "-//W3C//DTD XHTML 1.1//EN" "https://www.w3.org/TR/xhtml11/DTD/xhtml11.dtd">
<html xmlns="https://www.w3.org/1999/xhtml">
<head>
<meta http-equiv="content-type" content="text/html; charset=UTF-8"/>
<title>TestNG Report</title>
<style type="text/css">table {margin-bottom:10px;border-collapse:collapse;empty-cells:show}th,td {border:1px solid #009;padding:.25em .5em}th {vertical-align:bottom}td {vertical-align:top}table a {font-weight:bold}.stripe td {background-color: #E6EBF9}.num {text-align:right}.passedodd td {background-color: #3F3}.passedeven td {background-color: #0A0}.skippedodd td {background-color: #DDD}.skippedeven td {background-color: #CCC}.failedodd td,.attn {background-color: #F33}.failedeven td,.stripe .attn {background-color: #D00}.stacktrace {white-space:pre;font-family:monospace}.totop {font-size:85%;text-align:center;border-bottom:2px solid #000}.invisible {display:none}</style>
</head>
<body>
<table>
<tr><th>Test</th><th># Passed</th><th># Skipped</th><th># Retried</th><th># Failed</th><th>Time (ms)</th><th>Included Groups</th><th>Excluded Groups</th></tr>
<tr><th colspan="8">Default suite</th></tr>
<tr><td><a href="#t0">Default test</a></td><td class="num">25</td><td class="num">0</td><td class="num">0</td><td class="num attn">8</td><td class="num">182,922</td><td></td><td></td></tr>
</table>
<table id='summary'><thead><tr><th>Class</th><th>Method</th><th>Start</th><th>Time (ms)</th></tr></thead><tbody><tr><th colspan="4">Default suite</th></tr></tbody><tbody id="t0"><tr><th colspan="4">Default test &#8212; failed</th></tr><tr class="failedeven"><td rowspan="8">ibportal.useAccount</td><td><a href="#m0">createOrUpdateShopDetails</a></td><td rowspan="2">1762781386934</td><td rowspan="2">5638</td></tr><tr class="failedeven"><td><a href="#m1">createOrUpdateShopDetails</a></td></tr><tr class="failedeven"><td><a href="#m2">updateConfirmPage</a></td><td rowspan="1">1762781392575</td><td rowspan="1">2455</td></tr><tr class="failedeven"><td><a href="#m3">updateKyc</a></td><td rowspan="1">1762781301928</td><td rowspan="1">3678</td></tr><tr class="failedeven"><td><a href="#m4">validateDeletedMerchants</a></td><td rowspan="1">1762781360681</td><td rowspan="1">1124</td></tr><tr class="failedeven"><td><a href="#m5">verifyOtpPage</a></td><td rowspan="1">1762781399230</td><td rowspan="1">1317</td></tr><tr class="failedeven"><td><a href="#m6">verifySubmitPage</a></td><td rowspan="2">1762781401995</td><td rowspan="2">3633</td></tr><tr class="failedeven"><td><a href="#m7">verifySubmitPage</a></td></tr><tr><th colspan="4">Default test &#8212; passed</th></tr><tr class="passedeven"><td rowspan="25">ibportal.useAccount</td><td><a href="#m8">createOrUpdateAccount</a></td><td rowspan="2">1762781229231</td><td rowspan="2">1463</td></tr><tr class="passedeven"><td><a href="#m9">createOrUpdateAccount</a></td></tr><tr class="passedeven"><td><a href="#m10">createOrUpdateShopDetails</a></td><td rowspan="1">1762781376616</td><td rowspan="1">6186</td></tr><tr class="passedeven"><td><a href="#m11">crossCase_KycThenShopWithoutChannel</a></td><td rowspan="1">1762781249312</td><td rowspan="1">31938</td></tr><tr class="passedeven"><td><a href="#m12">crossCase_getComfirmationSubmissionWithoutKyc</a></td><td rowspan="1">1762781245157</td><td rowspan="1">4150</td></tr><tr class="passedeven"><td><a href="#m13">crossCase_getMerchantWithoutKyc</a></td><td rowspan="3">1762781241910</td><td rowspan="3">3244</td></tr><tr class="passedeven"><td><a href="#m14">crossCase_getMerchantWithoutKyc</a></td></tr><tr class="passedeven"><td><a href="#m15">crossCase_getMerchantWithoutKyc</a></td></tr><tr class="passedeven"><td><a href="#m16">deleteMerchants</a></td><td rowspan="3">1762781349672</td><td rowspan="3">1665</td></tr><tr class="passedeven"><td><a href="#m17">deleteMerchants</a></td></tr><tr class="passedeven"><td><a href="#m18">deleteMerchants</a></td></tr><tr class="passedeven"><td><a href="#m19">fetchDetails</a></td><td rowspan="1">1762781333057</td><td rowspan="1">1310</td></tr><tr class="passedeven"><td><a href="#m20">updateChannels</a></td><td rowspan="3">1762781286581</td><td rowspan="3">4203</td></tr><tr class="passedeven"><td><a href="#m21">updateChannels</a></td></tr><tr class="passedeven"><td><a href="#m22">updateChannels</a></td></tr><tr class="passedeven"><td><a href="#m23">updateConfirmPage</a></td><td rowspan="1">1762781395031</td><td rowspan="1">1246</td></tr><tr class="passedeven"><td><a href="#m24">updateKyc</a></td><td rowspan="8">1762781325616</td><td rowspan="8">3902</td></tr><tr class="passedeven"><td><a href="#m25">updateKyc</a></td></tr><tr class="passedeven"><td><a href="#m26">updateKyc</a></td></tr><tr class="passedeven"><td><a href="#m27">updateKyc</a></td></tr><tr class="passedeven"><td><a href="#m28">updateKyc</a></td></tr><tr class="passedeven"><td><a href="#m29">updateKyc</a></td></tr><tr class="passedeven"><td><a href="#m30">updateKyc</a></td></tr><tr class="passedeven"><td><a href="#m31">updateKyc</a></td></tr><tr class="passedeven"><td><a href="#m32">verifyOtpPage</a></td><td rowspan="1">1762781396280</td><td rowspan="1">2949</td></tr></tbody>
</table>
<h2>Default test</h2><h3 id="m0">ibportal.useAccount#createOrUpdateShopDetails</h3><table class="result"><tr class="param"><th>Parameter #1</th></tr><tr class="param stripe"><td>{merchantId=&apos;6911e88a86c6910b389dbc5d&apos;, shopDetails={location=&apos;H7HV+W4X, Muscat 111, Oman&apos;, address=&apos;273 school street&apos;, area=&apos;adf&apos;, city=&apos;adfaf&apos;, state=&apos;685904ea36865acc72ccb3da&apos;, postalCode=813, noOfPOSDevices=0, softPOS=1, supervisorNumber=&apos;&apos;, terminalNumbers=[], businessVolume={min=1, max=10000}}}</td></tr><tr><th>Exception</th></tr><tr><td><div class="stacktrace">java.lang.AssertionError: Shop details creation failed expected [success] but found [failed]
	at org.testng.Assert.fail(Assert.java:111)
	at org.testng.Assert.failNotEquals(Assert.java:1578)
	at org.testng.Assert.assertEqualsImpl(Assert.java:150)
	at org.testng.Assert.assertEquals(Assert.java:132)
	at org.testng.Assert.assertEquals(Assert.java:656)
	at ibportal.useAccount.createOrUpdateShopDetails(useAccount.java:630)
	at java.base/jdk.internal.reflect.DirectMethodHandleAccessor.invoke(DirectMethodHandleAccessor.java:103)
	at java.base/java.lang.reflect.Method.invoke(Method.java:580)
	at org.testng.internal.invokers.MethodInvocationHelper.invokeMethod(MethodInvocationHelper.java:141)
	at org.testng.internal.invokers.TestInvoker.invokeMethod(TestInvoker.java:686)
	at org.testng.internal.invokers.TestInvoker.invokeTestMethod(TestInvoker.java:230)
	at org.testng.internal.invokers.MethodRunner.runInSequence(MethodRunner.java:63)
	at org.testng.internal.invokers.TestInvoker$MethodInvocationAgent.invoke(TestInvoker.java:992)
	at org.testng.internal.invokers.TestInvoker.invokeTestMethods(TestInvoker.java:203)
	at org.testng.internal.invokers.TestMethodWorker.invokeTestMethods(TestMethodWorker.java:154)
	at org.testng.internal.invokers.TestMethodWorker.run(TestMethodWorker.java:134)
	at java.base/java.util.ArrayList.forEach(ArrayList.java:1596)
	at org.testng.TestRunner.privateRun(TestRunner.java:739)
	at org.testng.TestRunner.run(TestRunner.java:614)
	at org.testng.SuiteRunner.runTest(SuiteRunner.java:421)
	at org.testng.SuiteRunner.runSequentially(SuiteRunner.java:413)
	at org.testng.SuiteRunner.privateRun(SuiteRunner.java:373)
	at org.testng.SuiteRunner.run(SuiteRunner.java:312)
	at org.testng.SuiteRunnerWorker.runSuite(SuiteRunnerWorker.java:52)
	at org.testng.SuiteRunnerWorker.run(SuiteRunnerWorker.java:95)
	at org.testng.TestNG.runSuitesSequentially(TestNG.java:1274)
	at org.testng.TestNG.runSuitesLocally(TestNG.java:1208)
	at org.testng.TestNG.runSuites(TestNG.java:1112)
	at org.testng.TestNG.run(TestNG.java:1079)
	at org.testng.remote.AbstractRemoteTestNG.run(AbstractRemoteTestNG.java:115)
	at org.testng.remote.RemoteTestNG.initAndRun(RemoteTestNG.java:293)
	at org.testng.remote.RemoteTestNG.main(RemoteTestNG.java:91)
</div></td></tr></table><p class="totop"><a href="#summary">back to summary</a></p>
<h3 id="m1">ibportal.useAccount#createOrUpdateShopDetails</h3><table class="result"><tr class="param"><th>Parameter #1</th></tr><tr class="param stripe"><td>{merchantId=&apos;6911e88a86c6910b389dbc55&apos;, shopDetails={location=&apos;H7HV+W4X, Muscat 111, Oman&apos;, address=&apos;273 school street&apos;, area=&apos;adf&apos;, city=&apos;adfaf&apos;, state=&apos;685904ea36865acc72ccb3da&apos;, postalCode=813, noOfPOSDevices=0, softPOS=1, supervisorNumber=&apos;&apos;, terminalNumbers=[], businessVolume={min=1, max=10000}}}</td></tr><tr><th>Exception</th></tr><tr><td><div class="stacktrace">java.lang.AssertionError: Shop details creation failed expected [success] but found [failed]
	at org.testng.Assert.fail(Assert.java:111)
	at org.testng.Assert.failNotEquals(Assert.java:1578)
	at org.testng.Assert.assertEqualsImpl(Assert.java:150)
	at org.testng.Assert.assertEquals(Assert.java:132)
	at org.testng.Assert.assertEquals(Assert.java:656)
	at ibportal.useAccount.createOrUpdateShopDetails(useAccount.java:630)
	at java.base/jdk.internal.reflect.DirectMethodHandleAccessor.invoke(DirectMethodHandleAccessor.java:103)
	at java.base/java.lang.reflect.Method.invoke(Method.java:580)
	at org.testng.internal.invokers.MethodInvocationHelper.invokeMethod(MethodInvocationHelper.java:141)
	at org.testng.internal.invokers.TestInvoker.invokeMethod(TestInvoker.java:686)
	at org.testng.internal.invokers.TestInvoker.invokeTestMethod(TestInvoker.java:230)
	at org.testng.internal.invokers.MethodRunner.runInSequence(MethodRunner.java:63)
	at org.testng.internal.invokers.TestInvoker$MethodInvocationAgent.invoke(TestInvoker.java:992)
	at org.testng.internal.invokers.TestInvoker.invokeTestMethods(TestInvoker.java:203)
	at org.testng.internal.invokers.TestMethodWorker.invokeTestMethods(TestMethodWorker.java:154)
	at org.testng.internal.invokers.TestMethodWorker.run(TestMethodWorker.java:134)
	at java.base/java.util.ArrayList.forEach(ArrayList.java:1596)
	at org.testng.TestRunner.privateRun(TestRunner.java:739)
	at org.testng.TestRunner.run(TestRunner.java:614)
	at org.testng.SuiteRunner.runTest(SuiteRunner.java:421)
	at org.testng.SuiteRunner.runSequentially(SuiteRunner.java:413)
	at org.testng.SuiteRunner.privateRun(SuiteRunner.java:373)
	at org.testng.SuiteRunner.run(SuiteRunner.java:312)
	at org.testng.SuiteRunnerWorker.runSuite(SuiteRunnerWorker.java:52)
	at org.testng.SuiteRunnerWorker.run(SuiteRunnerWorker.java:95)
	at org.testng.TestNG.runSuitesSequentially(TestNG.java:1274)
	at org.testng.TestNG.runSuitesLocally(TestNG.java:1208)
	at org.testng.TestNG.runSuites(TestNG.java:1112)
	at org.testng.TestNG.run(TestNG.java:1079)
	at org.testng.remote.AbstractRemoteTestNG.run(AbstractRemoteTestNG.java:115)
	at org.testng.remote.RemoteTestNG.initAndRun(RemoteTestNG.java:293)
	at org.testng.remote.RemoteTestNG.main(RemoteTestNG.java:91)
</div></td></tr></table><p class="totop"><a href="#summary">back to summary</a></p>
<h3 id="m2">ibportal.useAccount#updateConfirmPage</h3><table class="result"><tr class="param"><th>Parameter #1</th><th>Parameter #2</th><th>Parameter #3</th></tr><tr class="param stripe"><td>true</td><td>Confirm Page TC - enabled</td><td>success</td></tr><tr><th colspan="3">Exception</th></tr><tr><td colspan="3"><div class="stacktrace">java.lang.AssertionError: Status mismatch for test case: Confirm Page TC - enabled expected [success] but found [failed]
	at org.testng.Assert.fail(Assert.java:111)
	at org.testng.Assert.failNotEquals(Assert.java:1578)
	at org.testng.Assert.assertEqualsImpl(Assert.java:150)
	at org.testng.Assert.assertEquals(Assert.java:132)
	at org.testng.Assert.assertEquals(Assert.java:656)
	at ibportal.useAccount.updateConfirmPage(useAccount.java:656)
	at java.base/jdk.internal.reflect.DirectMethodHandleAccessor.invoke(DirectMethodHandleAccessor.java:103)
	at java.base/java.lang.reflect.Method.invoke(Method.java:580)
	at org.testng.internal.invokers.MethodInvocationHelper.invokeMethod(MethodInvocationHelper.java:141)
	at org.testng.internal.invokers.TestInvoker.invokeMethod(TestInvoker.java:686)
	at org.testng.internal.invokers.TestInvoker.invokeTestMethod(TestInvoker.java:230)
	at org.testng.internal.invokers.MethodRunner.runInSequence(MethodRunner.java:63)
	at org.testng.internal.invokers.TestInvoker$MethodInvocationAgent.invoke(TestInvoker.java:992)
	at org.testng.internal.invokers.TestInvoker.invokeTestMethods(TestInvoker.java:203)
	at org.testng.internal.invokers.TestMethodWorker.invokeTestMethods(TestMethodWorker.java:154)
	at org.testng.internal.invokers.TestMethodWorker.run(TestMethodWorker.java:134)
	at java.base/java.util.ArrayList.forEach(ArrayList.java:1596)
	at org.testng.TestRunner.privateRun(TestRunner.java:739)
	at org.testng.TestRunner.run(TestRunner.java:614)
	at org.testng.SuiteRunner.runTest(SuiteRunner.java:421)
	at org.testng.SuiteRunner.runSequentially(SuiteRunner.java:413)
	at org.testng.SuiteRunner.privateRun(SuiteRunner.java:373)
	at org.testng.SuiteRunner.run(SuiteRunner.java:312)
	at org.testng.SuiteRunnerWorker.runSuite(SuiteRunnerWorker.java:52)
	at org.testng.SuiteRunnerWorker.run(SuiteRunnerWorker.java:95)
	at org.testng.TestNG.runSuitesSequentially(TestNG.java:1274)
	at org.testng.TestNG.runSuitesLocally(TestNG.java:1208)
	at org.testng.TestNG.runSuites(TestNG.java:1112)
	at org.testng.TestNG.run(TestNG.java:1079)
	at org.testng.remote.AbstractRemoteTestNG.run(AbstractRemoteTestNG.java:115)
	at org.testng.remote.RemoteTestNG.initAndRun(RemoteTestNG.java:293)
	at org.testng.remote.RemoteTestNG.main(RemoteTestNG.java:91)
</div></td></tr></table><p class="totop"><a href="#summary">back to summary</a></p>
<h3 id="m3">ibportal.useAccount#updateKyc</h3><table class="result"><tr class="param"><th>Parameter #1</th><th>Parameter #2</th><th>Parameter #3</th><th>Parameter #4</th><th>Parameter #5</th><th>Parameter #6</th><th>Parameter #7</th><th>Parameter #8</th><th>Parameter #9</th><th>Parameter #10</th><th>Parameter #11</th></tr><tr class="param stripe"><td>6911e85d86c6910b389db9f6</td><td>1f06e92e-e159-6dc0-fca2-aed39672ae12</td><td>7/36064/1</td><td>0</td><td>0</td><td>1f06e92e-ff3a-6c90-8098-b93b6f24752b</td><td>A1234567</td><td>failed</td><td>Min location - POS</td><td>true</td><td>POS</td></tr><tr><th colspan="11">Exception</th></tr><tr><td colspan="11"><div class="stacktrace">java.lang.AssertionError: Case: Min location - POS | Expected: failed | Actual: success expected [failed] but found [success]
	at org.testng.Assert.fail(Assert.java:111)
	at org.testng.Assert.failNotEquals(Assert.java:1578)
	at org.testng.Assert.assertEqualsImpl(Assert.java:150)
	at org.testng.Assert.assertEquals(Assert.java:132)
	at org.testng.Assert.assertEquals(Assert.java:656)
	at ibportal.useAccount.updateKyc(useAccount.java:433)
	at java.base/jdk.internal.reflect.DirectMethodHandleAccessor.invoke(DirectMethodHandleAccessor.java:103)
	at java.base/java.lang.reflect.Method.invoke(Method.java:580)
	at org.testng.internal.invokers.MethodInvocationHelper.invokeMethod(MethodInvocationHelper.java:141)
	at org.testng.internal.invokers.TestInvoker.invokeMethod(TestInvoker.java:686)
	at org.testng.internal.invokers.TestInvoker.invokeTestMethod(TestInvoker.java:230)
	at org.testng.internal.invokers.MethodRunner.runInSequence(MethodRunner.java:63)
	at org.testng.internal.invokers.TestInvoker$MethodInvocationAgent.invoke(TestInvoker.java:992)
	at org.testng.internal.invokers.TestInvoker.invokeTestMethods(TestInvoker.java:203)
	at org.testng.internal.invokers.TestMethodWorker.invokeTestMethods(TestMethodWorker.java:154)
	at org.testng.internal.invokers.TestMethodWorker.run(TestMethodWorker.java:134)
	at java.base/java.util.ArrayList.forEach(ArrayList.java:1596)
	at org.testng.TestRunner.privateRun(TestRunner.java:739)
	at org.testng.TestRunner.run(TestRunner.java:614)
	at org.testng.SuiteRunner.runTest(SuiteRunner.java:421)
	at org.testng.SuiteRunner.runSequentially(SuiteRunner.java:413)
	at org.testng.SuiteRunner.privateRun(SuiteRunner.java:373)
	at org.testng.SuiteRunner.run(SuiteRunner.java:312)
	at org.testng.SuiteRunnerWorker.runSuite(SuiteRunnerWorker.java:52)
	at org.testng.SuiteRunnerWorker.run(SuiteRunnerWorker.java:95)
	at org.testng.TestNG.runSuitesSequentially(TestNG.java:1274)
	at org.testng.TestNG.runSuitesLocally(TestNG.java:1208)
	at org.testng.TestNG.runSuites(TestNG.java:1112)
	at org.testng.TestNG.run(TestNG.java:1079)
	at org.testng.remote.AbstractRemoteTestNG.run(AbstractRemoteTestNG.java:115)
	at org.testng.remote.RemoteTestNG.initAndRun(RemoteTestNG.java:293)
	at org.testng.remote.RemoteTestNG.main(RemoteTestNG.java:91)
</div></td></tr></table><p class="totop"><a href="#summary">back to summary</a></p>
<h3 id="m4">ibportal.useAccount#validateDeletedMerchants</h3><table class="result"><tr><th>Exception</th></tr><tr><td><div class="stacktrace">java.lang.AssertionError: ‚ùå No nested Merchants found for MID: 6911e87986c6910b389dbb68
	at ibportal.useAccount.validateDeletedMerchants(useAccount.java:549)
	at java.base/jdk.internal.reflect.DirectMethodHandleAccessor.invoke(DirectMethodHandleAccessor.java:103)
	at java.base/java.lang.reflect.Method.invoke(Method.java:580)
	at org.testng.internal.invokers.MethodInvocationHelper.invokeMethod(MethodInvocationHelper.java:141)
	at org.testng.internal.invokers.TestInvoker.invokeMethod(TestInvoker.java:686)
	at org.testng.internal.invokers.TestInvoker.invokeTestMethod(TestInvoker.java:230)
	at org.testng.internal.invokers.MethodRunner.runInSequence(MethodRunner.java:63)
	at org.testng.internal.invokers.TestInvoker$MethodInvocationAgent.invoke(TestInvoker.java:992)
	at org.testng.internal.invokers.TestInvoker.invokeTestMethods(TestInvoker.java:203)
	at org.testng.internal.invokers.TestMethodWorker.invokeTestMethods(TestMethodWorker.java:154)
	at org.testng.internal.invokers.TestMethodWorker.run(TestMethodWorker.java:134)
	at java.base/java.util.ArrayList.forEach(ArrayList.java:1596)
	at org.testng.TestRunner.privateRun(TestRunner.java:739)
	at org.testng.TestRunner.run(TestRunner.java:614)
	at org.testng.SuiteRunner.runTest(SuiteRunner.java:421)
	at org.testng.SuiteRunner.runSequentially(SuiteRunner.java:413)
	at org.testng.SuiteRunner.privateRun(SuiteRunner.java:373)
	at org.testng.SuiteRunner.run(SuiteRunner.java:312)
	at org.testng.SuiteRunnerWorker.runSuite(SuiteRunnerWorker.java:52)
	at org.testng.SuiteRunnerWorker.run(SuiteRunnerWorker.java:95)
	at org.testng.TestNG.runSuitesSequentially(TestNG.java:1274)
	at org.testng.TestNG.runSuitesLocally(TestNG.java:1208)
	at org.testng.TestNG.runSuites(TestNG.java:1112)
	at org.testng.TestNG.run(TestNG.java:1079)
	at org.testng.remote.AbstractRemoteTestNG.run(AbstractRemoteTestNG.java:115)
	at org.testng.remote.RemoteTestNG.initAndRun(RemoteTestNG.java:293)
	at org.testng.remote.RemoteTestNG.main(RemoteTestNG.java:91)
</div></td></tr></table><p class="totop"><a href="#summary">back to summary</a></p>
<h3 id="m5">ibportal.useAccount#verifyOtpPage</h3><table class="result"><tr class="param"><th>Parameter #1</th><th>Parameter #2</th><th>Parameter #3</th><th>Parameter #4</th></tr><tr class="param stripe"><td>1211</td><td>Salispay</td><td>Valid OTP Test</td><td>success</td></tr><tr><th colspan="4">Exception</th></tr><tr><td colspan="4"><div class="stacktrace">java.lang.AssertionError: Status mismatch for test case: Valid OTP Test expected [success] but found [failed]
	at org.testng.Assert.fail(Assert.java:111)
	at org.testng.Assert.failNotEquals(Assert.java:1578)
	at org.testng.Assert.assertEqualsImpl(Assert.java:150)
	at org.testng.Assert.assertEquals(Assert.java:132)
	at org.testng.Assert.assertEquals(Assert.java:656)
	at ibportal.useAccount.verifyOtpPage(useAccount.java:675)
	at java.base/jdk.internal.reflect.DirectMethodHandleAccessor.invoke(DirectMethodHandleAccessor.java:103)
	at java.base/java.lang.reflect.Method.invoke(Method.java:580)
	at org.testng.internal.invokers.MethodInvocationHelper.invokeMethod(MethodInvocationHelper.java:141)
	at org.testng.internal.invokers.TestInvoker.invokeMethod(TestInvoker.java:686)
	at org.testng.internal.invokers.TestInvoker.invokeTestMethod(TestInvoker.java:230)
	at org.testng.internal.invokers.MethodRunner.runInSequence(MethodRunner.java:63)
	at org.testng.internal.invokers.TestInvoker$MethodInvocationAgent.invoke(TestInvoker.java:992)
	at org.testng.internal.invokers.TestInvoker.invokeTestMethods(TestInvoker.java:203)
	at org.testng.internal.invokers.TestMethodWorker.invokeTestMethods(TestMethodWorker.java:154)
	at org.testng.internal.invokers.TestMethodWorker.run(TestMethodWorker.java:134)
	at java.base/java.util.ArrayList.forEach(ArrayList.java:1596)
	at org.testng.TestRunner.privateRun(TestRunner.java:739)
	at org.testng.TestRunner.run(TestRunner.java:614)
	at org.testng.SuiteRunner.runTest(SuiteRunner.java:421)
	at org.testng.SuiteRunner.runSequentially(SuiteRunner.java:413)
	at org.testng.SuiteRunner.privateRun(SuiteRunner.java:373)
	at org.testng.SuiteRunner.run(SuiteRunner.java:312)
	at org.testng.SuiteRunnerWorker.runSuite(SuiteRunnerWorker.java:52)
	at org.testng.SuiteRunnerWorker.run(SuiteRunnerWorker.java:95)
	at org.testng.TestNG.runSuitesSequentially(TestNG.java:1274)
	at org.testng.TestNG.runSuitesLocally(TestNG.java:1208)
	at org.testng.TestNG.runSuites(TestNG.java:1112)
	at org.testng.TestNG.run(TestNG.java:1079)
	at org.testng.remote.AbstractRemoteTestNG.run(AbstractRemoteTestNG.java:115)
	at org.testng.remote.RemoteTestNG.initAndRun(RemoteTestNG.java:293)
	at org.testng.remote.RemoteTestNG.main(RemoteTestNG.java:91)
</div></td></tr></table><p class="totop"><a href="#summary">back to summary</a></p>
<h3 id="m6">ibportal.useAccount#verifySubmitPage</h3><table class="result"><tr class="param"><th>Parameter #1</th><th>Parameter #2</th><th>Parameter #3</th></tr><tr class="param stripe"><td>true</td><td>Submit Page Enabled Test</td><td>success</td></tr><tr><th colspan="3">Exception</th></tr><tr><td colspan="3"><div class="stacktrace">java.lang.AssertionError: Status mismatch for test case: Submit Page Enabled Test expected [success] but found [failed]
	at org.testng.Assert.fail(Assert.java:111)
	at org.testng.Assert.failNotEquals(Assert.java:1578)
	at org.testng.Assert.assertEqualsImpl(Assert.java:150)
	at org.testng.Assert.assertEquals(Assert.java:132)
	at org.testng.Assert.assertEquals(Assert.java:656)
	at ibportal.useAccount.verifySubmitPage(useAccount.java:695)
	at java.base/jdk.internal.reflect.DirectMethodHandleAccessor.invoke(DirectMethodHandleAccessor.java:103)
	at java.base/java.lang.reflect.Method.invoke(Method.java:580)
	at org.testng.internal.invokers.MethodInvocationHelper.invokeMethod(MethodInvocationHelper.java:141)
	at org.testng.internal.invokers.TestInvoker.invokeMethod(TestInvoker.java:686)
	at org.testng.internal.invokers.TestInvoker.invokeTestMethod(TestInvoker.java:230)
	at org.testng.internal.invokers.MethodRunner.runInSequence(MethodRunner.java:63)
	at org.testng.internal.invokers.TestInvoker$MethodInvocationAgent.invoke(TestInvoker.java:992)
	at org.testng.internal.invokers.TestInvoker.invokeTestMethods(TestInvoker.java:203)
	at org.testng.internal.invokers.TestMethodWorker.invokeTestMethods(TestMethodWorker.java:154)
	at org.testng.internal.invokers.TestMethodWorker.run(TestMethodWorker.java:134)
	at java.base/java.util.ArrayList.forEach(ArrayList.java:1596)
	at org.testng.TestRunner.privateRun(TestRunner.java:739)
	at org.testng.TestRunner.run(TestRunner.java:614)
	at org.testng.SuiteRunner.runTest(SuiteRunner.java:421)
	at org.testng.SuiteRunner.runSequentially(SuiteRunner.java:413)
	at org.testng.SuiteRunner.privateRun(SuiteRunner.java:373)
	at org.testng.SuiteRunner.run(SuiteRunner.java:312)
	at org.testng.SuiteRunnerWorker.runSuite(SuiteRunnerWorker.java:52)
	at org.testng.SuiteRunnerWorker.run(SuiteRunnerWorker.java:95)
	at org.testng.TestNG.runSuitesSequentially(TestNG.java:1274)
	at org.testng.TestNG.runSuitesLocally(TestNG.java:1208)
	at org.testng.TestNG.runSuites(TestNG.java:1112)
	at org.testng.TestNG.run(TestNG.java:1079)
	at org.testng.remote.AbstractRemoteTestNG.run(AbstractRemoteTestNG.java:115)
	at org.testng.remote.RemoteTestNG.initAndRun(RemoteTestNG.java:293)
	at org.testng.remote.RemoteTestNG.main(RemoteTestNG.java:91)
</div></td></tr></table><p class="totop"><a href="#summary">back to summary</a></p>
<h3 id="m7">ibportal.useAccount#verifySubmitPage</h3><table class="result"><tr class="param"><th>Parameter #1</th><th>Parameter #2</th><th>Parameter #3</th></tr><tr class="param stripe"><td>false</td><td>Submit Page Disabled Test</td><td>failed</td></tr><tr><th colspan="3">Exception</th></tr><tr><td colspan="3"><div class="stacktrace">java.lang.AssertionError: Status mismatch for test case: Submit Page Disabled Test expected [failed] but found [success]
	at org.testng.Assert.fail(Assert.java:111)
	at org.testng.Assert.failNotEquals(Assert.java:1578)
	at org.testng.Assert.assertEqualsImpl(Assert.java:150)
	at org.testng.Assert.assertEquals(Assert.java:132)
	at org.testng.Assert.assertEquals(Assert.java:656)
	at ibportal.useAccount.verifySubmitPage(useAccount.java:695)
	at java.base/jdk.internal.reflect.DirectMethodHandleAccessor.invoke(DirectMethodHandleAccessor.java:103)
	at java.base/java.lang.reflect.Method.invoke(Method.java:580)
	at org.testng.internal.invokers.MethodInvocationHelper.invokeMethod(MethodInvocationHelper.java:141)
	at org.testng.internal.invokers.TestInvoker.invokeMethod(TestInvoker.java:686)
	at org.testng.internal.invokers.TestInvoker.invokeTestMethod(TestInvoker.java:230)
	at org.testng.internal.invokers.MethodRunner.runInSequence(MethodRunner.java:63)
	at org.testng.internal.invokers.TestInvoker$MethodInvocationAgent.invoke(TestInvoker.java:992)
	at org.testng.internal.invokers.TestInvoker.invokeTestMethods(TestInvoker.java:203)
	at org.testng.internal.invokers.TestMethodWorker.invokeTestMethods(TestMethodWorker.java:154)
	at org.testng.internal.invokers.TestMethodWorker.run(TestMethodWorker.java:134)
	at java.base/java.util.ArrayList.forEach(ArrayList.java:1596)
	at org.testng.TestRunner.privateRun(TestRunner.java:739)
	at org.testng.TestRunner.run(TestRunner.java:614)
	at org.testng.SuiteRunner.runTest(SuiteRunner.java:421)
	at org.testng.SuiteRunner.runSequentially(SuiteRunner.java:413)
	at org.testng.SuiteRunner.privateRun(SuiteRunner.java:373)
	at org.testng.SuiteRunner.run(SuiteRunner.java:312)
	at org.testng.SuiteRunnerWorker.runSuite(SuiteRunnerWorker.java:52)
	at org.testng.SuiteRunnerWorker.run(SuiteRunnerWorker.java:95)
	at org.testng.TestNG.runSuitesSequentially(TestNG.java:1274)
	at org.testng.TestNG.runSuitesLocally(TestNG.java:1208)
	at org.testng.TestNG.runSuites(TestNG.java:1112)
	at org.testng.TestNG.run(TestNG.java:1079)
	at org.testng.remote.AbstractRemoteTestNG.run(AbstractRemoteTestNG.java:115)
	at org.testng.remote.RemoteTestNG.initAndRun(RemoteTestNG.java:293)
	at org.testng.remote.RemoteTestNG.main(RemoteTestNG.java:91)
</div></td></tr></table><p class="totop"><a href="#summary">back to summary</a></p>
<h3 id="m8">ibportal.useAccount#createOrUpdateAccount</h3><table class="result"><tr class="param"><th>Parameter #1</th><th>Parameter #2</th><th>Parameter #3</th><th>Parameter #4</th><th>Parameter #5</th><th>Parameter #6</th></tr><tr class="param stripe"><td>000107360641002</td><td>7360640</td><td>null</td><td>failed</td><td>Invalid Account No</td><td>false</td></tr></table><p class="totop"><a href="#summary">back to summary</a></p>
<h3 id="m9">ibportal.useAccount#createOrUpdateAccount</h3><table class="result"><tr class="param"><th>Parameter #1</th><th>Parameter #2</th><th>Parameter #3</th><th>Parameter #4</th><th>Parameter #5</th><th>Parameter #6</th></tr><tr class="param stripe"><td>0361073606400014</td><td>7360640</td><td>null</td><td>success</td><td>Valid Account</td><td>false</td></tr></table><p class="totop"><a href="#summary">back to summary</a></p>
<h3 id="m10">ibportal.useAccount#createOrUpdateShopDetails</h3><table class="result"><tr class="param"><th>Parameter #1</th></tr><tr class="param stripe"><td>{merchantId=&apos;6911e87986c6910b389dbb60&apos;, shopDetails={location=&apos;H7HV+W4X, Muscat 111, Oman&apos;, address=&apos;272 school street&apos;, area=&apos;adf&apos;, city=&apos;adfaf&apos;, state=&apos;685904ea36865acc72ccb3da&apos;, postalCode=711, noOfPOSDevices=1, softPOS=0, supervisorNumber=&apos;&apos;, terminalNumbers=[], businessVolume={min=1, max=10000}}}</td></tr></table><p class="totop"><a href="#summary">back to summary</a></p>
<h3 id="m11">ibportal.useAccount#crossCase_KycThenShopWithoutChannel</h3><table class="result"><tr class="param"><th>Parameter #1</th><th>Parameter #2</th><th>Parameter #3</th><th>Parameter #4</th><th>Parameter #5</th><th>Parameter #6</th><th>Parameter #7</th><th>Parameter #8</th><th>Parameter #9</th><th>Parameter #10</th><th>Parameter #11</th></tr><tr class="param stripe"><td>6911e82686c6910b389db7e3</td><td>1f06e92e-e159-6dc0-fca2-aed39672ae12</td><td>7/36064/1</td><td>3</td><td>0</td><td>1f06e92e-ff3a-6c90-8098-b93b6f24752b</td><td>A1234567</td><td>success</td><td>Valid KYC - POS</td><td>true</td><td>POS</td></tr></table><p class="totop"><a href="#summary">back to summary</a></p>
<h3 id="m12">ibportal.useAccount#crossCase_getComfirmationSubmissionWithoutKyc</h3><table class="result"><tr><th class="invisible"/></tr></table><p class="totop"><a href="#summary">back to summary</a></p>
<h3 id="m13">ibportal.useAccount#crossCase_getMerchantWithoutKyc</h3><table class="result"><tr class="param"><th>Parameter #1</th><th>Parameter #2</th><th>Parameter #3</th><th>Parameter #4</th></tr><tr class="param stripe"><td>POS+softPOS</td><td>true</td><td>POS Channel - valid</td><td>success</td></tr></table><p class="totop"><a href="#summary">back to summary</a></p>
<h3 id="m14">ibportal.useAccount#crossCase_getMerchantWithoutKyc</h3><table class="result"><tr class="param"><th>Parameter #1</th><th>Parameter #2</th><th>Parameter #3</th><th>Parameter #4</th></tr><tr class="param stripe"><td>softPOS</td><td>true</td><td>SOFTPOS Channel - valid</td><td>success</td></tr></table><p class="totop"><a href="#summary">back to summary</a></p>
<h3 id="m15">ibportal.useAccount#crossCase_getMerchantWithoutKyc</h3><table class="result"><tr class="param"><th>Parameter #1</th><th>Parameter #2</th><th>Parameter #3</th><th>Parameter #4</th></tr><tr class="param stripe"><td>POS</td><td>true</td><td>POS Channel - valid</td><td>success</td></tr></table><p class="totop"><a href="#summary">back to summary</a></p>
<h3 id="m16">ibportal.useAccount#deleteMerchants</h3><table class="result"><tr class="param"><th>Parameter #1</th></tr><tr class="param stripe"><td>{shopDetails={isDelete=true}, merchantId=&apos;6911e87986c6910b389dbb68&apos;}</td></tr></table><p class="totop"><a href="#summary">back to summary</a></p>
<h3 id="m17">ibportal.useAccount#deleteMerchants</h3><table class="result"><tr class="param"><th>Parameter #1</th></tr><tr class="param stripe"><td>{shopDetails={isDelete=true}, merchantId=&apos;6911e88a86c6910b389dbc65&apos;}</td></tr></table><p class="totop"><a href="#summary">back to summary</a></p>
<h3 id="m18">ibportal.useAccount#deleteMerchants</h3><table class="result"><tr class="param"><th>Parameter #1</th></tr><tr class="param stripe"><td>{shopDetails={isDelete=true}, merchantId=&apos;6911e87986c6910b389dbb70&apos;}</td></tr></table><p class="totop"><a href="#summary">back to summary</a></p>
<h3 id="m19">ibportal.useAccount#fetchDetails</h3><table class="result"><tr class="param"><th>Parameter #1</th><th>Parameter #2</th><th>Parameter #3</th><th>Parameter #4</th><th>Parameter #5</th><th>Parameter #6</th></tr><tr class="param stripe"><td>0361073606400014</td><td>7360640</td><td>null</td><td>200</td><td>Details</td><td>false</td></tr></table><p class="totop"><a href="#summary">back to summary</a></p>
<h3 id="m20">ibportal.useAccount#updateChannels</h3><table class="result"><tr class="param"><th>Parameter #1</th><th>Parameter #2</th><th>Parameter #3</th><th>Parameter #4</th></tr><tr class="param stripe"><td>POS</td><td>true</td><td>POS Channel - valid</td><td>success</td></tr></table><p class="totop"><a href="#summary">back to summary</a></p>
<h3 id="m21">ibportal.useAccount#updateChannels</h3><table class="result"><tr class="param"><th>Parameter #1</th><th>Parameter #2</th><th>Parameter #3</th><th>Parameter #4</th></tr><tr class="param stripe"><td>POS+softPOS</td><td>true</td><td>POS Channel - valid</td><td>success</td></tr></table><p class="totop"><a href="#summary">back to summary</a></p>
<h3 id="m22">ibportal.useAccount#updateChannels</h3><table class="result"><tr class="param"><th>Parameter #1</th><th>Parameter #2</th><th>Parameter #3</th><th>Parameter #4</th></tr><tr class="param stripe"><td>softPOS</td><td>true</td><td>SOFTPOS Channel - valid</td><td>success</td></tr></table><p class="totop"><a href="#summary">back to summary</a></p>
<h3 id="m23">ibportal.useAccount#updateConfirmPage</h3><table class="result"><tr class="param"><th>Parameter #1</th><th>Parameter #2</th><th>Parameter #3</th></tr><tr class="param stripe"><td>false</td><td>Confirm Page TC - disabled</td><td>failed</td></tr></table><p class="totop"><a href="#summary">back to summary</a></p>
<h3 id="m24">ibportal.useAccount#updateKyc</h3><table class="result"><tr class="param"><th>Parameter #1</th><th>Parameter #2</th><th>Parameter #3</th><th>Parameter #4</th><th>Parameter #5</th><th>Parameter #6</th><th>Parameter #7</th><th>Parameter #8</th><th>Parameter #9</th><th>Parameter #10</th><th>Parameter #11</th></tr><tr class="param stripe"><td>6911e85d86c6910b389db9f6</td><td>1f06e92e-e159-6dc0-fca2-aed39672ae12</td><td>7/36064/1</td><td>3</td><td>3</td><td>1f06e92e-ff3a-6c90-8098-b93b6f24752b</td><td>A1234567</td><td>success</td><td>Valid KYC - SoftPOS</td><td>true</td><td>SOFTPOS</td></tr></table><p class="totop"><a href="#summary">back to summary</a></p>
<h3 id="m25">ibportal.useAccount#updateKyc</h3><table class="result"><tr class="param"><th>Parameter #1</th><th>Parameter #2</th><th>Parameter #3</th><th>Parameter #4</th><th>Parameter #5</th><th>Parameter #6</th><th>Parameter #7</th><th>Parameter #8</th><th>Parameter #9</th><th>Parameter #10</th><th>Parameter #11</th></tr><tr class="param stripe"><td>6911e85d86c6910b389db9f6</td><td>1f06e92e-e159-6dc0-fca2-aed39672ae12</td><td>7/36064/1</td><td>3</td><td>0</td><td>1f06e92e-ff3a-6c90-8098-b93b6f24752b</td><td>A1234567</td><td>success</td><td>Valid KYC - POS</td><td>true</td><td>POS</td></tr></table><p class="totop"><a href="#summary">back to summary</a></p>
<h3 id="m26">ibportal.useAccount#updateKyc</h3><table class="result"><tr class="param"><th>Parameter #1</th><th>Parameter #2</th><th>Parameter #3</th><th>Parameter #4</th><th>Parameter #5</th><th>Parameter #6</th><th>Parameter #7</th><th>Parameter #8</th><th>Parameter #9</th><th>Parameter #10</th><th>Parameter #11</th></tr><tr class="param stripe"><td>6911e85d86c6910b389db9f6</td><td>1f06e92e-e159-6dc0-fca2-aed39672ae12</td><td>7/36064/1</td><td>0</td><td>0</td><td>1f06e92e-ff3a-6c90-8098-b93b6f24752b</td><td>A1234567</td><td>failed</td><td>Min location - POS</td><td>true</td><td>POS</td></tr></table><p class="totop"><a href="#summary">back to summary</a></p>
<h3 id="m27">ibportal.useAccount#updateKyc</h3><table class="result"><tr class="param"><th>Parameter #1</th><th>Parameter #2</th><th>Parameter #3</th><th>Parameter #4</th><th>Parameter #5</th><th>Parameter #6</th><th>Parameter #7</th><th>Parameter #8</th><th>Parameter #9</th><th>Parameter #10</th><th>Parameter #11</th></tr><tr class="param stripe"><td>68z96aa0fad5f8bf0b71063c</td><td>1f06e92e-e159-6dc0</td><td>7/36064/1</td><td>3</td><td>0</td><td>1f06e92e-ff3a-6c90-8098</td><td>A2</td><td>failed</td><td>Invalid KYC - POS</td><td>false</td><td>POS</td></tr></table><p class="totop"><a href="#summary">back to summary</a></p>
<h3 id="m28">ibportal.useAccount#updateKyc</h3><table class="result"><tr class="param"><th>Parameter #1</th><th>Parameter #2</th><th>Parameter #3</th><th>Parameter #4</th><th>Parameter #5</th><th>Parameter #6</th><th>Parameter #7</th><th>Parameter #8</th><th>Parameter #9</th><th>Parameter #10</th><th>Parameter #11</th></tr><tr class="param stripe"><td>68z96aa0fad5f8bf0b71063c</td><td>1f06e92e-e159-6dc0</td><td>7/36064/1</td><td>3</td><td>3</td><td>1f06e92e-ff3a-6c90-8098</td><td>A2</td><td>failed</td><td>Invalid KYC - SoftPOS</td><td>false</td><td>SOFTPOS</td></tr></table><p class="totop"><a href="#summary">back to summary</a></p>
<h3 id="m29">ibportal.useAccount#updateKyc</h3><table class="result"><tr class="param"><th>Parameter #1</th><th>Parameter #2</th><th>Parameter #3</th><th>Parameter #4</th><th>Parameter #5</th><th>Parameter #6</th><th>Parameter #7</th><th>Parameter #8</th><th>Parameter #9</th><th>Parameter #10</th><th>Parameter #11</th></tr><tr class="param stripe"><td>6911e85d86c6910b389db9f6</td><td>1f06e92e-e159-6dc0-fca2-aed39672ae12</td><td>7/36064/1</td><td>41</td><td>0</td><td>1f06e92e-ff3a-6c90-8098-b93b6f24752b</td><td>A1234567</td><td>failed</td><td>Max location - POS</td><td>true</td><td>POS</td></tr></table><p class="totop"><a href="#summary">back to summary</a></p>
<h3 id="m30">ibportal.useAccount#updateKyc</h3><table class="result"><tr class="param"><th>Parameter #1</th><th>Parameter #2</th><th>Parameter #3</th><th>Parameter #4</th><th>Parameter #5</th><th>Parameter #6</th><th>Parameter #7</th><th>Parameter #8</th><th>Parameter #9</th><th>Parameter #10</th><th>Parameter #11</th></tr><tr class="param stripe"><td>6911e85d86c6910b389db9f6</td><td>1f06e92e-e159-6dc0-fca2-aed39672ae12</td><td>7/36064/1</td><td>3</td><td>41</td><td>1f06e92e-ff3a-6c90-8098-b93b6f24752b</td><td>A1234567</td><td>failed</td><td>Max location - SoftPOS</td><td>true</td><td>SOFTPOS</td></tr></table><p class="totop"><a href="#summary">back to summary</a></p>
<h3 id="m31">ibportal.useAccount#updateKyc</h3><table class="result"><tr class="param"><th>Parameter #1</th><th>Parameter #2</th><th>Parameter #3</th><th>Parameter #4</th><th>Parameter #5</th><th>Parameter #6</th><th>Parameter #7</th><th>Parameter #8</th><th>Parameter #9</th><th>Parameter #10</th><th>Parameter #11</th></tr><tr class="param stripe"><td>6911e85d86c6910b389db9f6</td><td>1f06e92e-e159-6dc0-fca2-aed39672ae12</td><td>7/36064/1</td><td>3</td><td>0</td><td>1f06e92e-ff3a-6c90-8098-b93b6f24752b</td><td>A1234567</td><td>failed</td><td>Min location - SoftPOS</td><td>true</td><td>SOFTPOS</td></tr></table><p class="totop"><a href="#summary">back to summary</a></p>
<h3 id="m32">ibportal.useAccount#verifyOtpPage</h3><table class="result"><tr class="param"><th>Parameter #1</th><th>Parameter #2</th><th>Parameter #3</th><th>Parameter #4</th></tr><tr class="param stripe"><td>0000</td><td>Salispay</td><td>Invalid OTP Test</td><td>failed</td></tr></table><p class="totop"><a href="#summary">back to summary</a></p>
</body>
</html>
