<?xml version="1.0" encoding="UTF-8"?>
<testng-results ignored="0" total="19" passed="17" failed="2" skipped="0">
  <reporter-output>
  </reporter-output>
  <suite started-at="2025-09-26T14:39:14 IST" name="Default suite" finished-at="2025-09-26T14:41:01 IST" duration-ms="107409">
    <groups>
    </groups>
    <test started-at="2025-09-26T14:39:14 IST" name="Default test" finished-at="2025-09-26T14:41:01 IST" duration-ms="107409">
      <class name="ibportal.useAccount">
        <test-method is-config="true" signature="setupEndpoints()[pri:0, instance:ibportal.useAccount@5b6813df]" started-at="2025-09-26T14:39:14 IST" name="setupEndpoints" finished-at="2025-09-26T14:39:14 IST" duration-ms="464" status="PASS">
          <reporter-output>
          </reporter-output>
        </test-method> <!-- setupEndpoints -->
        <test-method signature="createOrUpdateAccount(java.lang.String,java.lang.String,java.lang.String,java.lang.String,java.lang.String,boolean)[pri:0, instance:ibportal.useAccount@5b6813df]" started-at="2025-09-26T14:39:14 IST" name="createOrUpdateAccount" data-provider="accountData" finished-at="2025-09-26T14:39:21 IST" duration-ms="6137" status="PASS">
          <params>
            <param index="0">
              <value>
                <![CDATA[0361073606400014]]>
              </value>
            </param>
            <param index="1">
              <value>
                <![CDATA[7360640]]>
              </value>
            </param>
            <param index="2">
              <value is-null="true"/>
            </param>
            <param index="3">
              <value>
                <![CDATA[success]]>
              </value>
            </param>
            <param index="4">
              <value>
                <![CDATA[Valid Account]]>
              </value>
            </param>
            <param index="5">
              <value>
                <![CDATA[false]]>
              </value>
            </param>
          </params>
          <reporter-output>
          </reporter-output>
        </test-method> <!-- createOrUpdateAccount -->
        <test-method signature="createOrUpdateAccount(java.lang.String,java.lang.String,java.lang.String,java.lang.String,java.lang.String,boolean)[pri:0, instance:ibportal.useAccount@5b6813df]" started-at="2025-09-26T14:39:21 IST" name="createOrUpdateAccount" data-provider="accountData" finished-at="2025-09-26T14:39:22 IST" duration-ms="1808" status="PASS">
          <params>
            <param index="0">
              <value>
                <![CDATA[000107360641002]]>
              </value>
            </param>
            <param index="1">
              <value>
                <![CDATA[7360640]]>
              </value>
            </param>
            <param index="2">
              <value is-null="true"/>
            </param>
            <param index="3">
              <value>
                <![CDATA[failed]]>
              </value>
            </param>
            <param index="4">
              <value>
                <![CDATA[Invalid Account No]]>
              </value>
            </param>
            <param index="5">
              <value>
                <![CDATA[false]]>
              </value>
            </param>
          </params>
          <reporter-output>
          </reporter-output>
        </test-method> <!-- createOrUpdateAccount -->
        <test-method signature="crossCase_getMerchantWithoutKyc()[pri:2, instance:ibportal.useAccount@5b6813df]" started-at="2025-09-26T14:39:22 IST" name="crossCase_getMerchantWithoutKyc" finished-at="2025-09-26T14:39:26 IST" duration-ms="3972" status="PASS">
          <reporter-output>
          </reporter-output>
        </test-method> <!-- crossCase_getMerchantWithoutKyc -->
        <test-method signature="crossCase_getComfirmationSubmissionWithoutKyc()[pri:3, instance:ibportal.useAccount@5b6813df]" started-at="2025-09-26T14:39:26 IST" name="crossCase_getComfirmationSubmissionWithoutKyc" finished-at="2025-09-26T14:39:28 IST" duration-ms="1979" status="PASS">
          <reporter-output>
          </reporter-output>
        </test-method> <!-- crossCase_getComfirmationSubmissionWithoutKyc -->
        <test-method signature="crossCase_KycThenShopWithoutChannel(java.lang.String,java.lang.String,java.lang.String,int,java.lang.String,java.lang.String,java.lang.String,java.lang.String,boolean)[pri:4, instance:ibportal.useAccount@5b6813df]" started-at="2025-09-26T14:39:28 IST" name="crossCase_KycThenShopWithoutChannel" data-provider="kycDatas" finished-at="2025-09-26T14:40:06 IST" duration-ms="37574" status="PASS">
          <params>
            <param index="0">
              <value>
                <![CDATA[68d6583d8200d99ebea8c9e3]]>
              </value>
            </param>
            <param index="1">
              <value>
                <![CDATA[1f06e92e-e159-6dc0-fca2-aed39672ae12]]>
              </value>
            </param>
            <param index="2">
              <value>
                <![CDATA[7/36064/1]]>
              </value>
            </param>
            <param index="3">
              <value>
                <![CDATA[3]]>
              </value>
            </param>
            <param index="4">
              <value>
                <![CDATA[1f06e92e-ff3a-6c90-8098-b93b6f24752b]]>
              </value>
            </param>
            <param index="5">
              <value>
                <![CDATA[A1234567]]>
              </value>
            </param>
            <param index="6">
              <value>
                <![CDATA[success]]>
              </value>
            </param>
            <param index="7">
              <value>
                <![CDATA[Valid KYC]]>
              </value>
            </param>
            <param index="8">
              <value>
                <![CDATA[true]]>
              </value>
            </param>
          </params>
          <reporter-output>
          </reporter-output>
        </test-method> <!-- crossCase_KycThenShopWithoutChannel -->
        <test-method signature="updateChannels(java.lang.String,boolean,java.lang.String,java.lang.String)[pri:5, instance:ibportal.useAccount@5b6813df]" started-at="2025-09-26T14:40:06 IST" name="updateChannels" data-provider="channelData" finished-at="2025-09-26T14:40:08 IST" duration-ms="2102" status="PASS">
          <params>
            <param index="0">
              <value>
                <![CDATA[C01]]>
              </value>
            </param>
            <param index="1">
              <value>
                <![CDATA[true]]>
              </value>
            </param>
            <param index="2">
              <value>
                <![CDATA[POS Channel - valid]]>
              </value>
            </param>
            <param index="3">
              <value>
                <![CDATA[success]]>
              </value>
            </param>
          </params>
          <reporter-output>
          </reporter-output>
        </test-method> <!-- updateChannels -->
        <test-method signature="updateKyc(java.lang.String,java.lang.String,java.lang.String,int,java.lang.String,java.lang.String,java.lang.String,java.lang.String,boolean)[pri:6, instance:ibportal.useAccount@5b6813df]" started-at="2025-09-26T14:40:08 IST" name="updateKyc" data-provider="kycData" finished-at="2025-09-26T14:40:11 IST" duration-ms="2925" status="PASS">
          <params>
            <param index="0">
              <value>
                <![CDATA[68z96aa0fad5f8bf0b71063c]]>
              </value>
            </param>
            <param index="1">
              <value>
                <![CDATA[1f06e92e-e159-6dc0]]>
              </value>
            </param>
            <param index="2">
              <value>
                <![CDATA[7/36064/1]]>
              </value>
            </param>
            <param index="3">
              <value>
                <![CDATA[3]]>
              </value>
            </param>
            <param index="4">
              <value>
                <![CDATA[1f06e92e-ff3a-6c90-8098]]>
              </value>
            </param>
            <param index="5">
              <value>
                <![CDATA[A2]]>
              </value>
            </param>
            <param index="6">
              <value>
                <![CDATA[failed]]>
              </value>
            </param>
            <param index="7">
              <value>
                <![CDATA[Invalid KYC]]>
              </value>
            </param>
            <param index="8">
              <value>
                <![CDATA[false]]>
              </value>
            </param>
          </params>
          <reporter-output>
          </reporter-output>
        </test-method> <!-- updateKyc -->
        <test-method signature="updateKyc(java.lang.String,java.lang.String,java.lang.String,int,java.lang.String,java.lang.String,java.lang.String,java.lang.String,boolean)[pri:6, instance:ibportal.useAccount@5b6813df]" started-at="2025-09-26T14:40:11 IST" name="updateKyc" data-provider="kycData" finished-at="2025-09-26T14:40:15 IST" duration-ms="3679" status="PASS">
          <params>
            <param index="0">
              <value>
                <![CDATA[68d6583d8200d99ebea8c9e3]]>
              </value>
            </param>
            <param index="1">
              <value>
                <![CDATA[1f06e92e-e159-6dc0-fca2-aed39672ae12]]>
              </value>
            </param>
            <param index="2">
              <value>
                <![CDATA[7/36064/1]]>
              </value>
            </param>
            <param index="3">
              <value>
                <![CDATA[3]]>
              </value>
            </param>
            <param index="4">
              <value>
                <![CDATA[1f06e92e-ff3a-6c90-8098-b93b6f24752b]]>
              </value>
            </param>
            <param index="5">
              <value>
                <![CDATA[A1234567]]>
              </value>
            </param>
            <param index="6">
              <value>
                <![CDATA[success]]>
              </value>
            </param>
            <param index="7">
              <value>
                <![CDATA[Valid KYC]]>
              </value>
            </param>
            <param index="8">
              <value>
                <![CDATA[true]]>
              </value>
            </param>
          </params>
          <reporter-output>
          </reporter-output>
        </test-method> <!-- updateKyc -->
        <test-method signature="fetchDetails(java.lang.String,java.lang.String,java.lang.String,java.lang.String,java.lang.String,boolean)[pri:7, instance:ibportal.useAccount@5b6813df]" started-at="2025-09-26T14:40:15 IST" name="fetchDetails" data-provider="merchantData" finished-at="2025-09-26T14:40:18 IST" duration-ms="3305" status="PASS">
          <params>
            <param index="0">
              <value>
                <![CDATA[0361073606400014]]>
              </value>
            </param>
            <param index="1">
              <value>
                <![CDATA[7360640]]>
              </value>
            </param>
            <param index="2">
              <value is-null="true"/>
            </param>
            <param index="3">
              <value>
                <![CDATA[200]]>
              </value>
            </param>
            <param index="4">
              <value>
                <![CDATA[Details]]>
              </value>
            </param>
            <param index="5">
              <value>
                <![CDATA[false]]>
              </value>
            </param>
          </params>
          <reporter-output>
          </reporter-output>
        </test-method> <!-- fetchDetails -->
        <test-method signature="deleteMerchants(payloads.DeleteShopPayload)[pri:8, instance:ibportal.useAccount@5b6813df]" started-at="2025-09-26T14:40:25 IST" name="deleteMerchants" data-provider="deleteShopData" finished-at="2025-09-26T14:40:28 IST" duration-ms="3383" status="PASS">
          <params>
            <param index="0">
              <value>
                <![CDATA[{shopDetails={isDelete=true}, merchantId='68d6584c8200d99ebea8cb3d'}]]>
              </value>
            </param>
          </params>
          <reporter-output>
          </reporter-output>
        </test-method> <!-- deleteMerchants -->
        <test-method signature="deleteMerchants(payloads.DeleteShopPayload)[pri:8, instance:ibportal.useAccount@5b6813df]" started-at="2025-09-26T14:40:28 IST" name="deleteMerchants" data-provider="deleteShopData" finished-at="2025-09-26T14:40:30 IST" duration-ms="2456" status="PASS">
          <params>
            <param index="0">
              <value>
                <![CDATA[{shopDetails={isDelete=true}, merchantId='68d6584d8200d99ebea8cb45'}]]>
              </value>
            </param>
          </params>
          <reporter-output>
          </reporter-output>
        </test-method> <!-- deleteMerchants -->
        <test-method signature="validateDeletedMerchants()[pri:9, instance:ibportal.useAccount@5b6813df]" started-at="2025-09-26T14:40:31 IST" name="validateDeletedMerchants" finished-at="2025-09-26T14:40:32 IST" depends-on-methods="ibportal.useAccount.deleteMerchants" duration-ms="1670" status="FAIL">
          <exception class="java.lang.AssertionError">
            <message>
              <![CDATA[❌ No nested Merchants found for MID: 68d6584c8200d99ebea8cb3d]]>
            </message>
            <full-stacktrace>
              <![CDATA[java.lang.AssertionError: ❌ No nested Merchants found for MID: 68d6584c8200d99ebea8cb3d
at ibportal.useAccount.validateDeletedMerchants(useAccount.java:443)
at java.base/jdk.internal.reflect.DirectMethodHandleAccessor.invoke(DirectMethodHandleAccessor.java:103)
at java.base/java.lang.reflect.Method.invoke(Method.java:580)
at org.testng.internal.invokers.MethodInvocationHelper.invokeMethod(MethodInvocationHelper.java:141)
at org.testng.internal.invokers.TestInvoker.invokeMethod(TestInvoker.java:686)
at org.testng.internal.invokers.TestInvoker.invokeTestMethod(TestInvoker.java:230)
at org.testng.internal.invokers.MethodRunner.runInSequence(MethodRunner.java:63)
at org.testng.internal.invokers.TestInvoker$MethodInvocationAgent.invoke(TestInvoker.java:992)
at org.testng.internal.invokers.TestInvoker.invokeTestMethods(TestInvoker.java:203)
at org.testng.internal.invokers.TestMethodWorker.invokeTestMethods(TestMethodWorker.java:154)
at org.testng.internal.invokers.TestMethodWorker.run(TestMethodWorker.java:134)
at java.base/java.util.ArrayList.forEach(ArrayList.java:1596)
at org.testng.TestRunner.privateRun(TestRunner.java:739)
at org.testng.TestRunner.run(TestRunner.java:614)
at org.testng.SuiteRunner.runTest(SuiteRunner.java:421)
at org.testng.SuiteRunner.runSequentially(SuiteRunner.java:413)
at org.testng.SuiteRunner.privateRun(SuiteRunner.java:373)
at org.testng.SuiteRunner.run(SuiteRunner.java:312)
at org.testng.SuiteRunnerWorker.runSuite(SuiteRunnerWorker.java:52)
at org.testng.SuiteRunnerWorker.run(SuiteRunnerWorker.java:95)
at org.testng.TestNG.runSuitesSequentially(TestNG.java:1274)
at org.testng.TestNG.runSuitesLocally(TestNG.java:1208)
at org.testng.TestNG.runSuites(TestNG.java:1112)
at org.testng.TestNG.run(TestNG.java:1079)
at org.testng.remote.AbstractRemoteTestNG.run(AbstractRemoteTestNG.java:115)
at org.testng.remote.RemoteTestNG.initAndRun(RemoteTestNG.java:293)
at org.testng.remote.RemoteTestNG.main(RemoteTestNG.java:91)
]]>
            </full-stacktrace>
          </exception> <!-- java.lang.AssertionError -->
          <reporter-output>
          </reporter-output>
        </test-method> <!-- validateDeletedMerchants -->
        <test-method signature="createOrUpdateShopDetails(payloads.ShopDetailsPayload)[pri:10, instance:ibportal.useAccount@5b6813df]" started-at="2025-09-26T14:40:43 IST" name="createOrUpdateShopDetails" data-provider="shopDetailsData" finished-at="2025-09-26T14:40:49 IST" duration-ms="5916" status="PASS">
          <params>
            <param index="0">
              <value>
                <![CDATA[{merchantId='68d6584c8200d99ebea8cb35', shopDetails={location='H7HV+W4X, Muscat 111, Oman', address='272 school street', area='adf', city='adfaf', state='685904ea36865acc72ccb3da', postalCode=711, noOfPOSDevices=1, softPOS=0, supervisorNumber='', terminalNumbers=[], businessVolume={min=1, max=10000}}}]]>
              </value>
            </param>
          </params>
          <reporter-output>
          </reporter-output>
        </test-method> <!-- createOrUpdateShopDetails -->
        <test-method signature="updateConfirmPage(java.lang.String,java.lang.String,java.lang.String)[pri:11, instance:ibportal.useAccount@5b6813df]" started-at="2025-09-26T14:40:49 IST" name="updateConfirmPage" data-provider="confirmPageData" finished-at="2025-09-26T14:40:51 IST" duration-ms="2585" status="PASS">
          <params>
            <param index="0">
              <value>
                <![CDATA[true]]>
              </value>
            </param>
            <param index="1">
              <value>
                <![CDATA[Confirm Page TC - enabled]]>
              </value>
            </param>
            <param index="2">
              <value>
                <![CDATA[success]]>
              </value>
            </param>
          </params>
          <reporter-output>
          </reporter-output>
        </test-method> <!-- updateConfirmPage -->
        <test-method signature="updateConfirmPage(java.lang.String,java.lang.String,java.lang.String)[pri:11, instance:ibportal.useAccount@5b6813df]" started-at="2025-09-26T14:40:51 IST" name="updateConfirmPage" data-provider="confirmPageData" finished-at="2025-09-26T14:40:53 IST" duration-ms="1704" status="PASS">
          <params>
            <param index="0">
              <value>
                <![CDATA[false]]>
              </value>
            </param>
            <param index="1">
              <value>
                <![CDATA[Confirm Page TC - disabled]]>
              </value>
            </param>
            <param index="2">
              <value>
                <![CDATA[failed]]>
              </value>
            </param>
          </params>
          <reporter-output>
          </reporter-output>
        </test-method> <!-- updateConfirmPage -->
        <test-method signature="verifyOtpPage(java.lang.String,java.lang.String,java.lang.String,java.lang.String)[pri:12, instance:ibportal.useAccount@5b6813df]" started-at="2025-09-26T14:40:53 IST" name="verifyOtpPage" data-provider="otpData" finished-at="2025-09-26T14:40:55 IST" duration-ms="1720" status="FAIL">
          <params>
            <param index="0">
              <value>
                <![CDATA[0000]]>
              </value>
            </param>
            <param index="1">
              <value>
                <![CDATA[Salispay]]>
              </value>
            </param>
            <param index="2">
              <value>
                <![CDATA[Invalid OTP Test]]>
              </value>
            </param>
            <param index="3">
              <value>
                <![CDATA[failed]]>
              </value>
            </param>
          </params>
          <exception class="java.lang.AssertionError">
            <message>
              <![CDATA[Status mismatch for test case: Invalid OTP Test expected [failed] but found [success]]]>
            </message>
            <full-stacktrace>
              <![CDATA[java.lang.AssertionError: Status mismatch for test case: Invalid OTP Test expected [failed] but found [success]
at org.testng.Assert.fail(Assert.java:111)
at org.testng.Assert.failNotEquals(Assert.java:1578)
at org.testng.Assert.assertEqualsImpl(Assert.java:150)
at org.testng.Assert.assertEquals(Assert.java:132)
at org.testng.Assert.assertEquals(Assert.java:656)
at ibportal.useAccount.verifyOtpPage(useAccount.java:565)
at java.base/jdk.internal.reflect.DirectMethodHandleAccessor.invoke(DirectMethodHandleAccessor.java:103)
at java.base/java.lang.reflect.Method.invoke(Method.java:580)
at org.testng.internal.invokers.MethodInvocationHelper.invokeMethod(MethodInvocationHelper.java:141)
at org.testng.internal.invokers.TestInvoker.invokeMethod(TestInvoker.java:686)
at org.testng.internal.invokers.TestInvoker.invokeTestMethod(TestInvoker.java:230)
at org.testng.internal.invokers.MethodRunner.runInSequence(MethodRunner.java:63)
at org.testng.internal.invokers.TestInvoker$MethodInvocationAgent.invoke(TestInvoker.java:992)
at org.testng.internal.invokers.TestInvoker.invokeTestMethods(TestInvoker.java:203)
at org.testng.internal.invokers.TestMethodWorker.invokeTestMethods(TestMethodWorker.java:154)
at org.testng.internal.invokers.TestMethodWorker.run(TestMethodWorker.java:134)
at java.base/java.util.ArrayList.forEach(ArrayList.java:1596)
at org.testng.TestRunner.privateRun(TestRunner.java:739)
at org.testng.TestRunner.run(TestRunner.java:614)
at org.testng.SuiteRunner.runTest(SuiteRunner.java:421)
at org.testng.SuiteRunner.runSequentially(SuiteRunner.java:413)
at org.testng.SuiteRunner.privateRun(SuiteRunner.java:373)
at org.testng.SuiteRunner.run(SuiteRunner.java:312)
at org.testng.SuiteRunnerWorker.runSuite(SuiteRunnerWorker.java:52)
at org.testng.SuiteRunnerWorker.run(SuiteRunnerWorker.java:95)
at org.testng.TestNG.runSuitesSequentially(TestNG.java:1274)
at org.testng.TestNG.runSuitesLocally(TestNG.java:1208)
at org.testng.TestNG.runSuites(TestNG.java:1112)
at org.testng.TestNG.run(TestNG.java:1079)
at org.testng.remote.AbstractRemoteTestNG.run(AbstractRemoteTestNG.java:115)
at org.testng.remote.RemoteTestNG.initAndRun(RemoteTestNG.java:293)
at org.testng.remote.RemoteTestNG.main(RemoteTestNG.java:91)
]]>
            </full-stacktrace>
          </exception> <!-- java.lang.AssertionError -->
          <reporter-output>
          </reporter-output>
        </test-method> <!-- verifyOtpPage -->
        <test-method signature="verifyOtpPage(java.lang.String,java.lang.String,java.lang.String,java.lang.String)[pri:12, instance:ibportal.useAccount@5b6813df]" started-at="2025-09-26T14:40:55 IST" name="verifyOtpPage" data-provider="otpData" finished-at="2025-09-26T14:40:58 IST" duration-ms="2867" status="PASS">
          <params>
            <param index="0">
              <value>
                <![CDATA[1211]]>
              </value>
            </param>
            <param index="1">
              <value>
                <![CDATA[Salispay]]>
              </value>
            </param>
            <param index="2">
              <value>
                <![CDATA[Valid OTP Test]]>
              </value>
            </param>
            <param index="3">
              <value>
                <![CDATA[success]]>
              </value>
            </param>
          </params>
          <reporter-output>
          </reporter-output>
        </test-method> <!-- verifyOtpPage -->
        <test-method signature="verifySubmitPage(java.lang.String,java.lang.String,java.lang.String)[pri:13, instance:ibportal.useAccount@5b6813df]" started-at="2025-09-26T14:40:58 IST" name="verifySubmitPage" data-provider="submitPageData" finished-at="2025-09-26T14:40:59 IST" duration-ms="909" status="PASS">
          <params>
            <param index="0">
              <value>
                <![CDATA[false]]>
              </value>
            </param>
            <param index="1">
              <value>
                <![CDATA[Submit Page Disabled Test]]>
              </value>
            </param>
            <param index="2">
              <value>
                <![CDATA[failed]]>
              </value>
            </param>
          </params>
          <reporter-output>
          </reporter-output>
        </test-method> <!-- verifySubmitPage -->
        <test-method signature="verifySubmitPage(java.lang.String,java.lang.String,java.lang.String)[pri:13, instance:ibportal.useAccount@5b6813df]" started-at="2025-09-26T14:40:59 IST" name="verifySubmitPage" data-provider="submitPageData" finished-at="2025-09-26T14:41:01 IST" duration-ms="2145" status="PASS">
          <params>
            <param index="0">
              <value>
                <![CDATA[true]]>
              </value>
            </param>
            <param index="1">
              <value>
                <![CDATA[Submit Page Enabled Test]]>
              </value>
            </param>
            <param index="2">
              <value>
                <![CDATA[success]]>
              </value>
            </param>
          </params>
          <reporter-output>
          </reporter-output>
        </test-method> <!-- verifySubmitPage -->
        <test-method is-config="true" signature="tearDown()[pri:0, instance:ibportal.useAccount@5b6813df]" started-at="2025-09-26T14:41:01 IST" name="tearDown" finished-at="2025-09-26T14:41:01 IST" duration-ms="402" status="PASS">
          <reporter-output>
          </reporter-output>
        </test-method> <!-- tearDown -->
      </class> <!-- ibportal.useAccount -->
    </test> <!-- Default test -->
  </suite> <!-- Default suite -->
</testng-results>
